
> @understand-anything/dashboard@0.1.0 dev
> vite --host 127.0.0.1

Port 5173 is in use, trying another one...
Port 5174 is in use, trying another one...
Port 5175 is in use, trying another one...
Port 5176 is in use, trying another one...
Port 5177 is in use, trying another one...
Port 5178 is in use, trying another one...
Port 5179 is in use, trying another one...
Port 5180 is in use, trying another one...
Port 5181 is in use, trying another one...
Port 5182 is in use, trying another one...
Port 5183 is in use, trying another one...
Port 5184 is in use, trying another one...
Port 5185 is in use, trying another one...
Port 5186 is in use, trying another one...

  🔑  Dashboard URL: http://127.0.0.1:5187/?token=b33605bba857f4d36a142ac5d58bcb64


  VITE v6.4.1  ready in 282 ms

  ➜  Local:   http://127.0.0.1:5187/
  ➜  press h + enter to show help
12:07:12 AM [vite] vite.config.ts changed, restarting server...

  🔑  Dashboard URL: http://127.0.0.1:5187/?token=988645442bf20da7b73e14c9d8d98a1a

12:07:12 AM [vite] server restarted.

> @understand-anything/dashboard@0.1.0 dev
> vite --host 127.0.0.1


  🔑  Dashboard URL: http://127.0.0.1:5173/?token=af473a48643f4f3274001353b700841c


  VITE v6.4.1  ready in 462 ms

  ➜  Local:   http://127.0.0.1:5173/
  ➜  press h + enter to show help
12:12:10 AM [vite] (client) hmr update /src/App.tsx, /src/index.css, /src/components/DomainGraphView.tsx, /src/components/DiffToggle.tsx, /src/components/LayerLegend.tsx, /src/components/NodeInfo.tsx, /src/components/SearchBar.tsx, /src/components/PersonaSelector.tsx, /src/components/ExportMenu.tsx, /src/components/FilterPanel.tsx, /src/components/KnowledgeGraphView.tsx, /src/components/ProjectOverview.tsx, /src/components/ImpactToggle.tsx, /src/components/FileExplorer.tsx, /src/components/MobileLayout.tsx, /src/components/GraphView.tsx, /src/components/DomainClusterNode.tsx, /src/components/FlowNode.tsx, /src/components/StepNode.tsx, /src/components/MobileDrawer.tsx, /src/components/Breadcrumb.tsx, /src/components/LearnPanel.tsx
12:12:10 AM [vite] (client) hmr invalidate /src/components/LayerLegend.tsx Could not Fast Refresh ("LAYER_PALETTE" export is incompatible). Learn more at https://github.com/vitejs/vite-plugin-react/tree/main/packages/plugin-react#consistent-components-exports
12:12:10 AM [vite] (client) hmr update /src/App.tsx, /src/index.css, /src/components/MobileDrawer.tsx, /src/components/LayerClusterNode.tsx, /src/components/PortalNode.tsx, /src/components/ContainerNode.tsx
